<?xml version="1.0" encoding="UTF-8"?>
<!-- Generated by org.testng.reporters.JUnitReportReporter -->
<testsuite hostname="DESKTOP-MA6UTIC" failures="0" tests="1" name="NGFrameWork.TestNGProject1.DominosNG" time="67.094" errors="0" timestamp="12 Aug 2023 13:25:57 GMT" skipped="0">
  <testcase classname="NGFrameWork.TestNGProject1.DominosNG" name="f" time="67.094"/>
</testsuite> <!-- NGFrameWork.TestNGProject1.DominosNG -->
