<?xml version="1.0" encoding="UTF-8"?>
<!-- Generated by org.testng.reporters.JUnitReportReporter -->
<testsuite hostname="DESKTOP-MA6UTIC" failures="0" tests="2" name="NGFrameWork.TestNGProject1.NewTestdp" time="46.914" errors="0" timestamp="19 Aug 2023 15:15:25 GMT" skipped="0">
  <testcase classname="NGFrameWork.TestNGProject1.NewTestdp" name="f" time="23.813"/>
  <testcase classname="NGFrameWork.TestNGProject1.NewTestdp" name="f" time="23.101"/>
</testsuite> <!-- NGFrameWork.TestNGProject1.NewTestdp -->
